<?xml version="1.0" encoding="UTF-8"?>
<!-- Generated by org.testng.reporters.JUnitXMLReporter -->
<testsuite ignored="0" hostname="upasana-carto" failures="0" tests="4" name="Default test" time="1.018" errors="0" timestamp="2025-04-27T04:28:33 IST">
  <testcase classname="testScript.BaseTest" name="tc01" time="0.014"/>
  <testcase classname="testScript.BaseTest" name="tc01" time="0.003"/>
  <testcase classname="testScript.BaseTest" name="tc01" time="0.002"/>
  <testcase classname="testScript.BaseTest" name="tc01" time="0.001"/>
</testsuite> <!-- Default test -->
