<?xml version="1.0" encoding="UTF-8"?>
<testng-results ignored="0" total="1" passed="1" failed="0" skipped="0">
  <reporter-output>
  </reporter-output>
  <suite started-at="2025-04-16T21:21:02 IST" name="Default suite" finished-at="2025-04-16T21:21:08 IST" duration-ms="6098">
    <groups>
    </groups>
    <test started-at="2025-04-16T21:21:02 IST" name="Default test" finished-at="2025-04-16T21:21:08 IST" duration-ms="6098">
      <class name="testScript.BaseTest">
        <test-method signature="tc1()[pri:0, instance:testScript.BaseTest@33d512c1]" started-at="2025-04-16T21:21:02 IST" name="tc1" finished-at="2025-04-16T21:21:08 IST" duration-ms="6049" status="PASS">
          <reporter-output>
          </reporter-output>
        </test-method> <!-- tc1 -->
      </class> <!-- testScript.BaseTest -->
    </test> <!-- Default test -->
  </suite> <!-- Default suite -->
</testng-results>
