<?xml version="1.0" encoding="UTF-8"?>
<testng-results ignored="0" total="4" passed="4" failed="0" skipped="0">
  <reporter-output>
  </reporter-output>
  <suite started-at="2025-04-27T04:28:32 IST" name="Default suite" finished-at="2025-04-27T04:28:33 IST" duration-ms="1018">
    <groups>
    </groups>
    <test started-at="2025-04-27T04:28:32 IST" name="Default test" finished-at="2025-04-27T04:28:33 IST" duration-ms="1018">
      <class name="testScript.BaseTest">
        <test-method signature="tc01(java.lang.String,java.lang.String)[pri:0, instance:testScript.BaseTest@54d9d12d]" started-at="2025-04-27T04:28:33 IST" name="tc01" data-provider="excelData" finished-at="2025-04-27T04:28:33 IST" duration-ms="14" status="PASS">
          <params>
            <param index="0">
              <value>
                <![CDATA[upasana@123]]>
              </value>
            </param>
            <param index="1">
              <value>
                <![CDATA[admin123]]>
              </value>
            </param>
          </params>
          <reporter-output>
          </reporter-output>
        </test-method> <!-- tc01 -->
        <test-method signature="tc01(java.lang.String,java.lang.String)[pri:0, instance:testScript.BaseTest@54d9d12d]" started-at="2025-04-27T04:28:33 IST" name="tc01" data-provider="excelData" finished-at="2025-04-27T04:28:33 IST" duration-ms="3" status="PASS">
          <params>
            <param index="0">
              <value>
                <![CDATA[enii@435]]>
              </value>
            </param>
            <param index="1">
              <value>
                <![CDATA[admin#1234]]>
              </value>
            </param>
          </params>
          <reporter-output>
          </reporter-output>
        </test-method> <!-- tc01 -->
        <test-method signature="tc01(java.lang.String,java.lang.String)[pri:0, instance:testScript.BaseTest@54d9d12d]" started-at="2025-04-27T04:28:33 IST" name="tc01" data-provider="excelData" finished-at="2025-04-27T04:28:33 IST" duration-ms="2" status="PASS">
          <params>
            <param index="0">
              <value>
                <![CDATA[Vanita@123]]>
              </value>
            </param>
            <param index="1">
              <value>
                <![CDATA[admin009]]>
              </value>
            </param>
          </params>
          <reporter-output>
          </reporter-output>
        </test-method> <!-- tc01 -->
        <test-method signature="tc01(java.lang.String,java.lang.String)[pri:0, instance:testScript.BaseTest@54d9d12d]" started-at="2025-04-27T04:28:33 IST" name="tc01" data-provider="excelData" finished-at="2025-04-27T04:28:33 IST" duration-ms="1" status="PASS">
          <params>
            <param index="0">
              <value>
                <![CDATA[supriya@657]]>
              </value>
            </param>
            <param index="1">
              <value>
                <![CDATA[admin7hdh]]>
              </value>
            </param>
          </params>
          <reporter-output>
          </reporter-output>
        </test-method> <!-- tc01 -->
      </class> <!-- testScript.BaseTest -->
    </test> <!-- Default test -->
  </suite> <!-- Default suite -->
</testng-results>
